2024-12-17 14:59:46,491 INFO o.a.j.u.JMeterUtils: Setting Locale to en_EN
2024-12-17 14:59:46,544 INFO o.a.j.JMeter: Copyright (c) 1998-2022 The Apache Software Foundation
2024-12-17 14:59:46,544 INFO o.a.j.JMeter: Version 5.5
2024-12-17 14:59:46,544 INFO o.a.j.JMeter: java.version=17.0.5
2024-12-17 14:59:46,544 INFO o.a.j.JMeter: java.vm.name=OpenJDK 64-Bit Server VM
2024-12-17 14:59:46,545 INFO o.a.j.JMeter: os.name=Linux
2024-12-17 14:59:46,545 INFO o.a.j.JMeter: os.arch=amd64
2024-12-17 14:59:46,545 INFO o.a.j.JMeter: os.version=5.4.0-91-generic
2024-12-17 14:59:46,545 INFO o.a.j.JMeter: file.encoding=UTF-8
2024-12-17 14:59:46,545 INFO o.a.j.JMeter: java.awt.headless=true
2024-12-17 14:59:46,545 INFO o.a.j.JMeter: Max memory     =1073741824
2024-12-17 14:59:46,546 INFO o.a.j.JMeter: Available Processors =4
2024-12-17 14:59:46,564 INFO o.a.j.JMeter: Default Locale=English (EN)
2024-12-17 14:59:46,564 INFO o.a.j.JMeter: JMeter  Locale=English (EN)
2024-12-17 14:59:46,565 INFO o.a.j.JMeter: JMeterHome=/home/dima/Progs/apache-jmeter-5.5
2024-12-17 14:59:46,565 INFO o.a.j.JMeter: user.dir  =/home/dima/Завантаження/Hillel/JMETER/jmeter
2024-12-17 14:59:46,565 INFO o.a.j.JMeter: PWD       =/home/dima/Завантаження/Hillel/JMETER/jmeter
2024-12-17 14:59:46,566 INFO o.a.j.JMeter: IP: 127.0.1.1 Name: dima-Lenovo-H430 FullName: dima-Lenovo-H430
2024-12-17 14:59:46,584 INFO o.a.j.JMeter: Setting property 'jmeter.reportgenerator.outputdir' to:'/home/dima/Завантаження/Hillel/Report_2'
2024-12-17 14:59:46,590 INFO o.a.j.s.FileServer: Default base='/home/dima/Завантаження/Hillel/JMETER/jmeter'
2024-12-17 14:59:46,592 INFO o.a.j.s.FileServer: Set new base='/home/dima/Завантаження/Hillel/JMETER/jmeter'
2024-12-17 14:59:46,905 INFO o.a.j.s.SaveService: Testplan (JMX) version: 2.2. Testlog (JTL) version: 2.2
2024-12-17 14:59:46,961 INFO o.a.j.s.SaveService: Using SaveService properties version 5.0
2024-12-17 14:59:46,966 INFO o.a.j.s.SaveService: Using SaveService properties file encoding UTF-8
2024-12-17 14:59:46,971 INFO o.a.j.s.SaveService: Loading file: /home/dima/Завантаження/Hillel/JMETER/jmeter/GreatTestNumber_final.jmx
2024-12-17 14:59:47,071 INFO o.a.j.p.h.c.CookieManager: Settings: Delete null: true Check: true Allow variable: true Save: false Prefix: COOKIE_
2024-12-17 14:59:47,089 INFO o.a.j.r.d.ReportGenerator: ReportGenerator will use for Parsing the separator: ','
2024-12-17 14:59:47,089 INFO o.a.j.r.d.ReportGenerator: Will generate report at end of test from  results file: /home/dima/Завантаження/Hillel/result_1.jtl
2024-12-17 14:59:47,090 INFO o.a.j.r.d.ReportGenerator: Reading report generator properties from: /home/dima/Progs/apache-jmeter-5.5/bin/reportgenerator.properties
2024-12-17 14:59:47,090 INFO o.a.j.r.d.ReportGenerator: Merging with JMeter properties
2024-12-17 14:59:47,095 INFO o.a.j.r.c.ReportGeneratorConfiguration: Property 'jmeter.reportgenerator.temp_dir' not found, using default value 'temp' instead.
2024-12-17 14:59:47,099 INFO o.a.j.r.c.ReportGeneratorConfiguration: Property 'jmeter.reportgenerator.apdex_per_transaction' not found, using default value 'null' instead.
2024-12-17 14:59:47,100 INFO o.a.j.r.c.ReportGeneratorConfiguration: apdex_per_transaction is empty, not APDEX per transaction customization
2024-12-17 14:59:47,100 INFO o.a.j.r.c.ReportGeneratorConfiguration: Property 'jmeter.reportgenerator.sample_filter' not found, using default value 'null' instead.
2024-12-17 14:59:47,100 INFO o.a.j.r.c.ReportGeneratorConfiguration: Property 'jmeter.reportgenerator.report_title' not found, using default value 'null' instead.
2024-12-17 14:59:47,100 INFO o.a.j.r.c.ReportGeneratorConfiguration: Property 'jmeter.reportgenerator.start_date' not found, using default value 'null' instead.
2024-12-17 14:59:47,100 INFO o.a.j.r.c.ReportGeneratorConfiguration: Property 'jmeter.reportgenerator.end_date' not found, using default value 'null' instead.
2024-12-17 14:59:47,101 INFO o.a.j.r.c.ReportGeneratorConfiguration: Property 'jmeter.reportgenerator.date_format' not found, using default value 'null' instead.
2024-12-17 14:59:47,101 INFO o.a.j.r.c.ReportGeneratorConfiguration: Will use date range start date: null, end date: null
2024-12-17 14:59:47,106 INFO o.a.j.r.c.ReportGeneratorConfiguration: Property 'jmeter.reportgenerator.graph.totalTPS.exclude_controllers' not found, using default value 'false' instead.
2024-12-17 14:59:47,107 INFO o.a.j.r.c.ReportGeneratorConfiguration: Property 'jmeter.reportgenerator.graph.activeThreadsOverTime.exclude_controllers' not found, using default value 'false' instead.
2024-12-17 14:59:47,107 INFO o.a.j.r.c.ReportGeneratorConfiguration: Property 'jmeter.reportgenerator.graph.timeVsThreads.exclude_controllers' not found, using default value 'false' instead.
2024-12-17 14:59:47,107 INFO o.a.j.r.c.ReportGeneratorConfiguration: Property 'jmeter.reportgenerator.graph.responseTimeDistribution.exclude_controllers' not found, using default value 'false' instead.
2024-12-17 14:59:47,107 INFO o.a.j.r.c.ReportGeneratorConfiguration: Property 'jmeter.reportgenerator.graph.transactionsPerSecond.exclude_controllers' not found, using default value 'false' instead.
2024-12-17 14:59:47,107 INFO o.a.j.r.c.ReportGeneratorConfiguration: Property 'jmeter.reportgenerator.graph.responseTimePercentiles.exclude_controllers' not found, using default value 'false' instead.
2024-12-17 14:59:47,108 INFO o.a.j.r.c.ReportGeneratorConfiguration: Property 'jmeter.reportgenerator.graph.responseTimePercentilesOverTime.exclude_controllers' not found, using default value 'false' instead.
2024-12-17 14:59:47,108 INFO o.a.j.r.c.ReportGeneratorConfiguration: Property 'jmeter.reportgenerator.graph.responseTimesOverTime.exclude_controllers' not found, using default value 'false' instead.
2024-12-17 14:59:47,108 INFO o.a.j.r.c.ReportGeneratorConfiguration: Property 'jmeter.reportgenerator.graph.connectTimeOverTime.exclude_controllers' not found, using default value 'false' instead.
2024-12-17 14:59:47,108 INFO o.a.j.r.c.ReportGeneratorConfiguration: Property 'jmeter.reportgenerator.graph.latenciesOverTime.exclude_controllers' not found, using default value 'false' instead.
2024-12-17 14:59:47,110 INFO o.a.j.r.c.ReportGeneratorConfiguration: Property 'jmeter.reportgenerator.exporter.json.filters_only_sample_series' not found, using default value 'true' instead.
2024-12-17 14:59:47,110 INFO o.a.j.r.c.ReportGeneratorConfiguration: Property 'jmeter.reportgenerator.exporter.json.series_filter' not found, using default value '' instead.
2024-12-17 14:59:47,110 INFO o.a.j.r.c.ReportGeneratorConfiguration: Property 'jmeter.reportgenerator.exporter.json.show_controllers_only' not found, using default value 'false' instead.
2024-12-17 14:59:47,111 INFO o.a.j.r.c.ReportGeneratorConfiguration: Property 'jmeter.reportgenerator.exporter.html.filters_only_sample_series' not found, using default value 'true' instead.
2024-12-17 14:59:47,111 INFO o.a.j.r.c.ReportGeneratorConfiguration: Property 'jmeter.reportgenerator.exporter.html.series_filter' not found, using default value '' instead.
2024-12-17 14:59:47,111 INFO o.a.j.r.c.ReportGeneratorConfiguration: Property 'jmeter.reportgenerator.exporter.html.show_controllers_only' not found, using default value 'false' instead.
2024-12-17 14:59:47,127 INFO o.a.j.e.StandardJMeterEngine: Running the test!
2024-12-17 14:59:47,128 INFO o.a.j.s.SampleEvent: List of sample_variables: []
2024-12-17 14:59:47,128 INFO o.a.j.s.SampleEvent: List of sample_variables: []
2024-12-17 14:59:48,675 ERROR o.a.j.r.ClassFinder: Error filtering class com.google.common.graph.Traverser$GraphTraverser, it will be ignored
java.lang.IncompatibleClassChangeError: class com.google.common.graph.Traverser$GraphTraverser overrides final method com.google.common.graph.Traverser.breadthFirst(Ljava/lang/Iterable;)Ljava/lang/Iterable;
	at java.lang.ClassLoader.defineClass1(Native Method) ~[?:?]
	at java.lang.ClassLoader.defineClass(ClassLoader.java:1012) ~[?:?]
	at java.security.SecureClassLoader.defineClass(SecureClassLoader.java:150) ~[?:?]
	at java.net.URLClassLoader.defineClass(URLClassLoader.java:524) ~[?:?]
	at java.net.URLClassLoader$1.run(URLClassLoader.java:427) ~[?:?]
	at java.net.URLClassLoader$1.run(URLClassLoader.java:421) ~[?:?]
	at java.security.AccessController.doPrivileged(AccessController.java:712) ~[?:?]
	at java.net.URLClassLoader.findClass(URLClassLoader.java:420) ~[?:?]
	at java.lang.ClassLoader.loadClass(ClassLoader.java:587) ~[?:?]
	at java.lang.ClassLoader.loadClass(ClassLoader.java:520) ~[?:?]
	at java.lang.Class.forName0(Native Method) ~[?:?]
	at java.lang.Class.forName(Class.java:467) ~[?:?]
	at org.apache.jorphan.reflect.ClassFinder$ExtendsClassFilter.isChildOf(ClassFinder.java:100) ~[jorphan.jar:5.5]
	at org.apache.jorphan.reflect.ClassFinder$ExtendsClassFilter.accept(ClassFinder.java:86) ~[jorphan.jar:5.5]
	at org.apache.jorphan.reflect.ClassFinder.applyFiltering(ClassFinder.java:404) ~[jorphan.jar:5.5]
	at org.apache.jorphan.reflect.ClassFinder.lambda$findClassesInOnePath$2(ClassFinder.java:364) ~[jorphan.jar:5.5]
	at java.util.stream.ForEachOps$ForEachOp$OfRef.accept(ForEachOps.java:183) ~[?:?]
	at java.util.stream.ReferencePipeline$2$1.accept(ReferencePipeline.java:179) ~[?:?]
	at java.util.zip.ZipFile$EntrySpliterator.tryAdvance(ZipFile.java:558) ~[?:?]
	at java.util.Spliterator.forEachRemaining(Spliterator.java:332) ~[?:?]
	at java.util.stream.AbstractPipeline.copyInto(AbstractPipeline.java:509) ~[?:?]
	at java.util.stream.AbstractPipeline.wrapAndCopyInto(AbstractPipeline.java:499) ~[?:?]
	at java.util.stream.ForEachOps$ForEachOp.evaluateSequential(ForEachOps.java:150) ~[?:?]
	at java.util.stream.ForEachOps$ForEachOp$OfRef.evaluateSequential(ForEachOps.java:173) ~[?:?]
	at java.util.stream.AbstractPipeline.evaluate(AbstractPipeline.java:234) ~[?:?]
	at java.util.stream.ReferencePipeline.forEach(ReferencePipeline.java:596) ~[?:?]
	at org.apache.jorphan.reflect.ClassFinder.findClassesInOnePath(ClassFinder.java:362) ~[jorphan.jar:5.5]
	at org.apache.jorphan.reflect.ClassFinder.findClasses(ClassFinder.java:326) ~[jorphan.jar:5.5]
	at org.apache.jorphan.reflect.ClassFinder.findClassesThatExtend(ClassFinder.java:299) ~[jorphan.jar:5.5]
	at org.apache.jorphan.reflect.ClassFinder.findClassesThatExtend(ClassFinder.java:231) ~[jorphan.jar:5.5]
	at org.apache.jmeter.engine.util.CompoundVariable.<clinit>(CompoundVariable.java:72) ~[ApacheJMeter_core.jar:5.5]
	at org.apache.jmeter.engine.util.ValueReplacer.<init>(ValueReplacer.java:43) ~[ApacheJMeter_core.jar:5.5]
	at org.apache.jmeter.engine.PreCompiler.<init>(PreCompiler.java:54) ~[ApacheJMeter_core.jar:5.5]
	at org.apache.jmeter.engine.StandardJMeterEngine.run(StandardJMeterEngine.java:376) ~[ApacheJMeter_core.jar:5.5]
	at java.lang.Thread.run(Thread.java:833) ~[?:?]
2024-12-17 14:59:48,693 ERROR o.a.j.r.ClassFinder: Error filtering class com.google.common.graph.Traverser$TreeTraverser, it will be ignored
java.lang.IncompatibleClassChangeError: class com.google.common.graph.Traverser$TreeTraverser overrides final method com.google.common.graph.Traverser.breadthFirst(Ljava/lang/Iterable;)Ljava/lang/Iterable;
	at java.lang.ClassLoader.defineClass1(Native Method) ~[?:?]
	at java.lang.ClassLoader.defineClass(ClassLoader.java:1012) ~[?:?]
	at java.security.SecureClassLoader.defineClass(SecureClassLoader.java:150) ~[?:?]
	at java.net.URLClassLoader.defineClass(URLClassLoader.java:524) ~[?:?]
	at java.net.URLClassLoader$1.run(URLClassLoader.java:427) ~[?:?]
	at java.net.URLClassLoader$1.run(URLClassLoader.java:421) ~[?:?]
	at java.security.AccessController.doPrivileged(AccessController.java:712) ~[?:?]
	at java.net.URLClassLoader.findClass(URLClassLoader.java:420) ~[?:?]
	at java.lang.ClassLoader.loadClass(ClassLoader.java:587) ~[?:?]
	at java.lang.ClassLoader.loadClass(ClassLoader.java:520) ~[?:?]
	at java.lang.Class.forName0(Native Method) ~[?:?]
	at java.lang.Class.forName(Class.java:467) ~[?:?]
	at org.apache.jorphan.reflect.ClassFinder$ExtendsClassFilter.isChildOf(ClassFinder.java:100) ~[jorphan.jar:5.5]
	at org.apache.jorphan.reflect.ClassFinder$ExtendsClassFilter.accept(ClassFinder.java:86) ~[jorphan.jar:5.5]
	at org.apache.jorphan.reflect.ClassFinder.applyFiltering(ClassFinder.java:404) ~[jorphan.jar:5.5]
	at org.apache.jorphan.reflect.ClassFinder.lambda$findClassesInOnePath$2(ClassFinder.java:364) ~[jorphan.jar:5.5]
	at java.util.stream.ForEachOps$ForEachOp$OfRef.accept(ForEachOps.java:183) ~[?:?]
	at java.util.stream.ReferencePipeline$2$1.accept(ReferencePipeline.java:179) ~[?:?]
	at java.util.zip.ZipFile$EntrySpliterator.tryAdvance(ZipFile.java:558) ~[?:?]
	at java.util.Spliterator.forEachRemaining(Spliterator.java:332) ~[?:?]
	at java.util.stream.AbstractPipeline.copyInto(AbstractPipeline.java:509) ~[?:?]
	at java.util.stream.AbstractPipeline.wrapAndCopyInto(AbstractPipeline.java:499) ~[?:?]
	at java.util.stream.ForEachOps$ForEachOp.evaluateSequential(ForEachOps.java:150) ~[?:?]
	at java.util.stream.ForEachOps$ForEachOp$OfRef.evaluateSequential(ForEachOps.java:173) ~[?:?]
	at java.util.stream.AbstractPipeline.evaluate(AbstractPipeline.java:234) ~[?:?]
	at java.util.stream.ReferencePipeline.forEach(ReferencePipeline.java:596) ~[?:?]
	at org.apache.jorphan.reflect.ClassFinder.findClassesInOnePath(ClassFinder.java:362) ~[jorphan.jar:5.5]
	at org.apache.jorphan.reflect.ClassFinder.findClasses(ClassFinder.java:326) ~[jorphan.jar:5.5]
	at org.apache.jorphan.reflect.ClassFinder.findClassesThatExtend(ClassFinder.java:299) ~[jorphan.jar:5.5]
	at org.apache.jorphan.reflect.ClassFinder.findClassesThatExtend(ClassFinder.java:231) ~[jorphan.jar:5.5]
	at org.apache.jmeter.engine.util.CompoundVariable.<clinit>(CompoundVariable.java:72) ~[ApacheJMeter_core.jar:5.5]
	at org.apache.jmeter.engine.util.ValueReplacer.<init>(ValueReplacer.java:43) ~[ApacheJMeter_core.jar:5.5]
	at org.apache.jmeter.engine.PreCompiler.<init>(PreCompiler.java:54) ~[ApacheJMeter_core.jar:5.5]
	at org.apache.jmeter.engine.StandardJMeterEngine.run(StandardJMeterEngine.java:376) ~[ApacheJMeter_core.jar:5.5]
	at java.lang.Thread.run(Thread.java:833) ~[?:?]
2024-12-17 14:59:48,817 ERROR o.a.j.r.ClassFinder: Error filtering class com.google.common.util.concurrent.Service$State$1, it will be ignored
java.lang.IncompatibleClassChangeError: class com.google.common.util.concurrent.Service$State$1 cannot inherit from final class com.google.common.util.concurrent.Service$State
	at java.lang.ClassLoader.defineClass1(Native Method) ~[?:?]
	at java.lang.ClassLoader.defineClass(ClassLoader.java:1012) ~[?:?]
	at java.security.SecureClassLoader.defineClass(SecureClassLoader.java:150) ~[?:?]
	at java.net.URLClassLoader.defineClass(URLClassLoader.java:524) ~[?:?]
	at java.net.URLClassLoader$1.run(URLClassLoader.java:427) ~[?:?]
	at java.net.URLClassLoader$1.run(URLClassLoader.java:421) ~[?:?]
	at java.security.AccessController.doPrivileged(AccessController.java:712) ~[?:?]
	at java.net.URLClassLoader.findClass(URLClassLoader.java:420) ~[?:?]
	at java.lang.ClassLoader.loadClass(ClassLoader.java:587) ~[?:?]
	at java.lang.ClassLoader.loadClass(ClassLoader.java:520) ~[?:?]
	at java.lang.Class.forName0(Native Method) ~[?:?]
	at java.lang.Class.forName(Class.java:467) ~[?:?]
	at org.apache.jorphan.reflect.ClassFinder$ExtendsClassFilter.isChildOf(ClassFinder.java:100) ~[jorphan.jar:5.5]
	at org.apache.jorphan.reflect.ClassFinder$ExtendsClassFilter.accept(ClassFinder.java:86) ~[jorphan.jar:5.5]
	at org.apache.jorphan.reflect.ClassFinder.applyFiltering(ClassFinder.java:404) ~[jorphan.jar:5.5]
	at org.apache.jorphan.reflect.ClassFinder.lambda$findClassesInOnePath$2(ClassFinder.java:364) ~[jorphan.jar:5.5]
	at java.util.stream.ForEachOps$ForEachOp$OfRef.accept(ForEachOps.java:183) ~[?:?]
	at java.util.stream.ReferencePipeline$2$1.accept(ReferencePipeline.java:179) ~[?:?]
	at java.util.zip.ZipFile$EntrySpliterator.tryAdvance(ZipFile.java:558) ~[?:?]
	at java.util.Spliterator.forEachRemaining(Spliterator.java:332) ~[?:?]
	at java.util.stream.AbstractPipeline.copyInto(AbstractPipeline.java:509) ~[?:?]
	at java.util.stream.AbstractPipeline.wrapAndCopyInto(AbstractPipeline.java:499) ~[?:?]
	at java.util.stream.ForEachOps$ForEachOp.evaluateSequential(ForEachOps.java:150) ~[?:?]
	at java.util.stream.ForEachOps$ForEachOp$OfRef.evaluateSequential(ForEachOps.java:173) ~[?:?]
	at java.util.stream.AbstractPipeline.evaluate(AbstractPipeline.java:234) ~[?:?]
	at java.util.stream.ReferencePipeline.forEach(ReferencePipeline.java:596) ~[?:?]
	at org.apache.jorphan.reflect.ClassFinder.findClassesInOnePath(ClassFinder.java:362) ~[jorphan.jar:5.5]
	at org.apache.jorphan.reflect.ClassFinder.findClasses(ClassFinder.java:326) ~[jorphan.jar:5.5]
	at org.apache.jorphan.reflect.ClassFinder.findClassesThatExtend(ClassFinder.java:299) ~[jorphan.jar:5.5]
	at org.apache.jorphan.reflect.ClassFinder.findClassesThatExtend(ClassFinder.java:231) ~[jorphan.jar:5.5]
	at org.apache.jmeter.engine.util.CompoundVariable.<clinit>(CompoundVariable.java:72) ~[ApacheJMeter_core.jar:5.5]
	at org.apache.jmeter.engine.util.ValueReplacer.<init>(ValueReplacer.java:43) ~[ApacheJMeter_core.jar:5.5]
	at org.apache.jmeter.engine.PreCompiler.<init>(PreCompiler.java:54) ~[ApacheJMeter_core.jar:5.5]
	at org.apache.jmeter.engine.StandardJMeterEngine.run(StandardJMeterEngine.java:376) ~[ApacheJMeter_core.jar:5.5]
	at java.lang.Thread.run(Thread.java:833) ~[?:?]
2024-12-17 14:59:48,818 ERROR o.a.j.r.ClassFinder: Error filtering class com.google.common.util.concurrent.Service$State$2, it will be ignored
java.lang.IncompatibleClassChangeError: class com.google.common.util.concurrent.Service$State$2 cannot inherit from final class com.google.common.util.concurrent.Service$State
	at java.lang.ClassLoader.defineClass1(Native Method) ~[?:?]
	at java.lang.ClassLoader.defineClass(ClassLoader.java:1012) ~[?:?]
	at java.security.SecureClassLoader.defineClass(SecureClassLoader.java:150) ~[?:?]
	at java.net.URLClassLoader.defineClass(URLClassLoader.java:524) ~[?:?]
	at java.net.URLClassLoader$1.run(URLClassLoader.java:427) ~[?:?]
	at java.net.URLClassLoader$1.run(URLClassLoader.java:421) ~[?:?]
	at java.security.AccessController.doPrivileged(AccessController.java:712) ~[?:?]
	at java.net.URLClassLoader.findClass(URLClassLoader.java:420) ~[?:?]
	at java.lang.ClassLoader.loadClass(ClassLoader.java:587) ~[?:?]
	at java.lang.ClassLoader.loadClass(ClassLoader.java:520) ~[?:?]
	at java.lang.Class.forName0(Native Method) ~[?:?]
	at java.lang.Class.forName(Class.java:467) ~[?:?]
	at org.apache.jorphan.reflect.ClassFinder$ExtendsClassFilter.isChildOf(ClassFinder.java:100) ~[jorphan.jar:5.5]
	at org.apache.jorphan.reflect.ClassFinder$ExtendsClassFilter.accept(ClassFinder.java:86) ~[jorphan.jar:5.5]
	at org.apache.jorphan.reflect.ClassFinder.applyFiltering(ClassFinder.java:404) ~[jorphan.jar:5.5]
	at org.apache.jorphan.reflect.ClassFinder.lambda$findClassesInOnePath$2(ClassFinder.java:364) ~[jorphan.jar:5.5]
	at java.util.stream.ForEachOps$ForEachOp$OfRef.accept(ForEachOps.java:183) ~[?:?]
	at java.util.stream.ReferencePipeline$2$1.accept(ReferencePipeline.java:179) ~[?:?]
	at java.util.zip.ZipFile$EntrySpliterator.tryAdvance(ZipFile.java:558) ~[?:?]
	at java.util.Spliterator.forEachRemaining(Spliterator.java:332) ~[?:?]
	at java.util.stream.AbstractPipeline.copyInto(AbstractPipeline.java:509) ~[?:?]
	at java.util.stream.AbstractPipeline.wrapAndCopyInto(AbstractPipeline.java:499) ~[?:?]
	at java.util.stream.ForEachOps$ForEachOp.evaluateSequential(ForEachOps.java:150) ~[?:?]
	at java.util.stream.ForEachOps$ForEachOp$OfRef.evaluateSequential(ForEachOps.java:173) ~[?:?]
	at java.util.stream.AbstractPipeline.evaluate(AbstractPipeline.java:234) ~[?:?]
	at java.util.stream.ReferencePipeline.forEach(ReferencePipeline.java:596) ~[?:?]
	at org.apache.jorphan.reflect.ClassFinder.findClassesInOnePath(ClassFinder.java:362) ~[jorphan.jar:5.5]
	at org.apache.jorphan.reflect.ClassFinder.findClasses(ClassFinder.java:326) ~[jorphan.jar:5.5]
	at org.apache.jorphan.reflect.ClassFinder.findClassesThatExtend(ClassFinder.java:299) ~[jorphan.jar:5.5]
	at org.apache.jorphan.reflect.ClassFinder.findClassesThatExtend(ClassFinder.java:231) ~[jorphan.jar:5.5]
	at org.apache.jmeter.engine.util.CompoundVariable.<clinit>(CompoundVariable.java:72) ~[ApacheJMeter_core.jar:5.5]
	at org.apache.jmeter.engine.util.ValueReplacer.<init>(ValueReplacer.java:43) ~[ApacheJMeter_core.jar:5.5]
	at org.apache.jmeter.engine.PreCompiler.<init>(PreCompiler.java:54) ~[ApacheJMeter_core.jar:5.5]
	at org.apache.jmeter.engine.StandardJMeterEngine.run(StandardJMeterEngine.java:376) ~[ApacheJMeter_core.jar:5.5]
	at java.lang.Thread.run(Thread.java:833) ~[?:?]
2024-12-17 14:59:48,820 ERROR o.a.j.r.ClassFinder: Error filtering class com.google.common.util.concurrent.Service$State$3, it will be ignored
java.lang.IncompatibleClassChangeError: class com.google.common.util.concurrent.Service$State$3 cannot inherit from final class com.google.common.util.concurrent.Service$State
	at java.lang.ClassLoader.defineClass1(Native Method) ~[?:?]
	at java.lang.ClassLoader.defineClass(ClassLoader.java:1012) ~[?:?]
	at java.security.SecureClassLoader.defineClass(SecureClassLoader.java:150) ~[?:?]
	at java.net.URLClassLoader.defineClass(URLClassLoader.java:524) ~[?:?]
	at java.net.URLClassLoader$1.run(URLClassLoader.java:427) ~[?:?]
	at java.net.URLClassLoader$1.run(URLClassLoader.java:421) ~[?:?]
	at java.security.AccessController.doPrivileged(AccessController.java:712) ~[?:?]
	at java.net.URLClassLoader.findClass(URLClassLoader.java:420) ~[?:?]
	at java.lang.ClassLoader.loadClass(ClassLoader.java:587) ~[?:?]
	at java.lang.ClassLoader.loadClass(ClassLoader.java:520) ~[?:?]
	at java.lang.Class.forName0(Native Method) ~[?:?]
	at java.lang.Class.forName(Class.java:467) ~[?:?]
	at org.apache.jorphan.reflect.ClassFinder$ExtendsClassFilter.isChildOf(ClassFinder.java:100) ~[jorphan.jar:5.5]
	at org.apache.jorphan.reflect.ClassFinder$ExtendsClassFilter.accept(ClassFinder.java:86) ~[jorphan.jar:5.5]
	at org.apache.jorphan.reflect.ClassFinder.applyFiltering(ClassFinder.java:404) ~[jorphan.jar:5.5]
	at org.apache.jorphan.reflect.ClassFinder.lambda$findClassesInOnePath$2(ClassFinder.java:364) ~[jorphan.jar:5.5]
	at java.util.stream.ForEachOps$ForEachOp$OfRef.accept(ForEachOps.java:183) ~[?:?]
	at java.util.stream.ReferencePipeline$2$1.accept(ReferencePipeline.java:179) ~[?:?]
	at java.util.zip.ZipFile$EntrySpliterator.tryAdvance(ZipFile.java:558) ~[?:?]
	at java.util.Spliterator.forEachRemaining(Spliterator.java:332) ~[?:?]
	at java.util.stream.AbstractPipeline.copyInto(AbstractPipeline.java:509) ~[?:?]
	at java.util.stream.AbstractPipeline.wrapAndCopyInto(AbstractPipeline.java:499) ~[?:?]
	at java.util.stream.ForEachOps$ForEachOp.evaluateSequential(ForEachOps.java:150) ~[?:?]
	at java.util.stream.ForEachOps$ForEachOp$OfRef.evaluateSequential(ForEachOps.java:173) ~[?:?]
	at java.util.stream.AbstractPipeline.evaluate(AbstractPipeline.java:234) ~[?:?]
	at java.util.stream.ReferencePipeline.forEach(ReferencePipeline.java:596) ~[?:?]
	at org.apache.jorphan.reflect.ClassFinder.findClassesInOnePath(ClassFinder.java:362) ~[jorphan.jar:5.5]
	at org.apache.jorphan.reflect.ClassFinder.findClasses(ClassFinder.java:326) ~[jorphan.jar:5.5]
	at org.apache.jorphan.reflect.ClassFinder.findClassesThatExtend(ClassFinder.java:299) ~[jorphan.jar:5.5]
	at org.apache.jorphan.reflect.ClassFinder.findClassesThatExtend(ClassFinder.java:231) ~[jorphan.jar:5.5]
	at org.apache.jmeter.engine.util.CompoundVariable.<clinit>(CompoundVariable.java:72) ~[ApacheJMeter_core.jar:5.5]
	at org.apache.jmeter.engine.util.ValueReplacer.<init>(ValueReplacer.java:43) ~[ApacheJMeter_core.jar:5.5]
	at org.apache.jmeter.engine.PreCompiler.<init>(PreCompiler.java:54) ~[ApacheJMeter_core.jar:5.5]
	at org.apache.jmeter.engine.StandardJMeterEngine.run(StandardJMeterEngine.java:376) ~[ApacheJMeter_core.jar:5.5]
	at java.lang.Thread.run(Thread.java:833) ~[?:?]
2024-12-17 14:59:48,821 ERROR o.a.j.r.ClassFinder: Error filtering class com.google.common.util.concurrent.Service$State$4, it will be ignored
java.lang.IncompatibleClassChangeError: class com.google.common.util.concurrent.Service$State$4 cannot inherit from final class com.google.common.util.concurrent.Service$State
	at java.lang.ClassLoader.defineClass1(Native Method) ~[?:?]
	at java.lang.ClassLoader.defineClass(ClassLoader.java:1012) ~[?:?]
	at java.security.SecureClassLoader.defineClass(SecureClassLoader.java:150) ~[?:?]
	at java.net.URLClassLoader.defineClass(URLClassLoader.java:524) ~[?:?]
	at java.net.URLClassLoader$1.run(URLClassLoader.java:427) ~[?:?]
	at java.net.URLClassLoader$1.run(URLClassLoader.java:421) ~[?:?]
	at java.security.AccessController.doPrivileged(AccessController.java:712) ~[?:?]
	at java.net.URLClassLoader.findClass(URLClassLoader.java:420) ~[?:?]
	at java.lang.ClassLoader.loadClass(ClassLoader.java:587) ~[?:?]
	at java.lang.ClassLoader.loadClass(ClassLoader.java:520) ~[?:?]
	at java.lang.Class.forName0(Native Method) ~[?:?]
	at java.lang.Class.forName(Class.java:467) ~[?:?]
	at org.apache.jorphan.reflect.ClassFinder$ExtendsClassFilter.isChildOf(ClassFinder.java:100) ~[jorphan.jar:5.5]
	at org.apache.jorphan.reflect.ClassFinder$ExtendsClassFilter.accept(ClassFinder.java:86) ~[jorphan.jar:5.5]
	at org.apache.jorphan.reflect.ClassFinder.applyFiltering(ClassFinder.java:404) ~[jorphan.jar:5.5]
	at org.apache.jorphan.reflect.ClassFinder.lambda$findClassesInOnePath$2(ClassFinder.java:364) ~[jorphan.jar:5.5]
	at java.util.stream.ForEachOps$ForEachOp$OfRef.accept(ForEachOps.java:183) ~[?:?]
	at java.util.stream.ReferencePipeline$2$1.accept(ReferencePipeline.java:179) ~[?:?]
	at java.util.zip.ZipFile$EntrySpliterator.tryAdvance(ZipFile.java:558) ~[?:?]
	at java.util.Spliterator.forEachRemaining(Spliterator.java:332) ~[?:?]
	at java.util.stream.AbstractPipeline.copyInto(AbstractPipeline.java:509) ~[?:?]
	at java.util.stream.AbstractPipeline.wrapAndCopyInto(AbstractPipeline.java:499) ~[?:?]
	at java.util.stream.ForEachOps$ForEachOp.evaluateSequential(ForEachOps.java:150) ~[?:?]
	at java.util.stream.ForEachOps$ForEachOp$OfRef.evaluateSequential(ForEachOps.java:173) ~[?:?]
	at java.util.stream.AbstractPipeline.evaluate(AbstractPipeline.java:234) ~[?:?]
	at java.util.stream.ReferencePipeline.forEach(ReferencePipeline.java:596) ~[?:?]
	at org.apache.jorphan.reflect.ClassFinder.findClassesInOnePath(ClassFinder.java:362) ~[jorphan.jar:5.5]
	at org.apache.jorphan.reflect.ClassFinder.findClasses(ClassFinder.java:326) ~[jorphan.jar:5.5]
	at org.apache.jorphan.reflect.ClassFinder.findClassesThatExtend(ClassFinder.java:299) ~[jorphan.jar:5.5]
	at org.apache.jorphan.reflect.ClassFinder.findClassesThatExtend(ClassFinder.java:231) ~[jorphan.jar:5.5]
	at org.apache.jmeter.engine.util.CompoundVariable.<clinit>(CompoundVariable.java:72) ~[ApacheJMeter_core.jar:5.5]
	at org.apache.jmeter.engine.util.ValueReplacer.<init>(ValueReplacer.java:43) ~[ApacheJMeter_core.jar:5.5]
	at org.apache.jmeter.engine.PreCompiler.<init>(PreCompiler.java:54) ~[ApacheJMeter_core.jar:5.5]
	at org.apache.jmeter.engine.StandardJMeterEngine.run(StandardJMeterEngine.java:376) ~[ApacheJMeter_core.jar:5.5]
	at java.lang.Thread.run(Thread.java:833) ~[?:?]
2024-12-17 14:59:48,822 ERROR o.a.j.r.ClassFinder: Error filtering class com.google.common.util.concurrent.Service$State$5, it will be ignored
java.lang.IncompatibleClassChangeError: class com.google.common.util.concurrent.Service$State$5 cannot inherit from final class com.google.common.util.concurrent.Service$State
	at java.lang.ClassLoader.defineClass1(Native Method) ~[?:?]
	at java.lang.ClassLoader.defineClass(ClassLoader.java:1012) ~[?:?]
	at java.security.SecureClassLoader.defineClass(SecureClassLoader.java:150) ~[?:?]
	at java.net.URLClassLoader.defineClass(URLClassLoader.java:524) ~[?:?]
	at java.net.URLClassLoader$1.run(URLClassLoader.java:427) ~[?:?]
	at java.net.URLClassLoader$1.run(URLClassLoader.java:421) ~[?:?]
	at java.security.AccessController.doPrivileged(AccessController.java:712) ~[?:?]
	at java.net.URLClassLoader.findClass(URLClassLoader.java:420) ~[?:?]
	at java.lang.ClassLoader.loadClass(ClassLoader.java:587) ~[?:?]
	at java.lang.ClassLoader.loadClass(ClassLoader.java:520) ~[?:?]
	at java.lang.Class.forName0(Native Method) ~[?:?]
	at java.lang.Class.forName(Class.java:467) ~[?:?]
	at org.apache.jorphan.reflect.ClassFinder$ExtendsClassFilter.isChildOf(ClassFinder.java:100) ~[jorphan.jar:5.5]
	at org.apache.jorphan.reflect.ClassFinder$ExtendsClassFilter.accept(ClassFinder.java:86) ~[jorphan.jar:5.5]
	at org.apache.jorphan.reflect.ClassFinder.applyFiltering(ClassFinder.java:404) ~[jorphan.jar:5.5]
	at org.apache.jorphan.reflect.ClassFinder.lambda$findClassesInOnePath$2(ClassFinder.java:364) ~[jorphan.jar:5.5]
	at java.util.stream.ForEachOps$ForEachOp$OfRef.accept(ForEachOps.java:183) ~[?:?]
	at java.util.stream.ReferencePipeline$2$1.accept(ReferencePipeline.java:179) ~[?:?]
	at java.util.zip.ZipFile$EntrySpliterator.tryAdvance(ZipFile.java:558) ~[?:?]
	at java.util.Spliterator.forEachRemaining(Spliterator.java:332) ~[?:?]
	at java.util.stream.AbstractPipeline.copyInto(AbstractPipeline.java:509) ~[?:?]
	at java.util.stream.AbstractPipeline.wrapAndCopyInto(AbstractPipeline.java:499) ~[?:?]
	at java.util.stream.ForEachOps$ForEachOp.evaluateSequential(ForEachOps.java:150) ~[?:?]
	at java.util.stream.ForEachOps$ForEachOp$OfRef.evaluateSequential(ForEachOps.java:173) ~[?:?]
	at java.util.stream.AbstractPipeline.evaluate(AbstractPipeline.java:234) ~[?:?]
	at java.util.stream.ReferencePipeline.forEach(ReferencePipeline.java:596) ~[?:?]
	at org.apache.jorphan.reflect.ClassFinder.findClassesInOnePath(ClassFinder.java:362) ~[jorphan.jar:5.5]
	at org.apache.jorphan.reflect.ClassFinder.findClasses(ClassFinder.java:326) ~[jorphan.jar:5.5]
	at org.apache.jorphan.reflect.ClassFinder.findClassesThatExtend(ClassFinder.java:299) ~[jorphan.jar:5.5]
	at org.apache.jorphan.reflect.ClassFinder.findClassesThatExtend(ClassFinder.java:231) ~[jorphan.jar:5.5]
	at org.apache.jmeter.engine.util.CompoundVariable.<clinit>(CompoundVariable.java:72) ~[ApacheJMeter_core.jar:5.5]
	at org.apache.jmeter.engine.util.ValueReplacer.<init>(ValueReplacer.java:43) ~[ApacheJMeter_core.jar:5.5]
	at org.apache.jmeter.engine.PreCompiler.<init>(PreCompiler.java:54) ~[ApacheJMeter_core.jar:5.5]
	at org.apache.jmeter.engine.StandardJMeterEngine.run(StandardJMeterEngine.java:376) ~[ApacheJMeter_core.jar:5.5]
	at java.lang.Thread.run(Thread.java:833) ~[?:?]
2024-12-17 14:59:48,823 ERROR o.a.j.r.ClassFinder: Error filtering class com.google.common.util.concurrent.Service$State$6, it will be ignored
java.lang.IncompatibleClassChangeError: class com.google.common.util.concurrent.Service$State$6 cannot inherit from final class com.google.common.util.concurrent.Service$State
	at java.lang.ClassLoader.defineClass1(Native Method) ~[?:?]
	at java.lang.ClassLoader.defineClass(ClassLoader.java:1012) ~[?:?]
	at java.security.SecureClassLoader.defineClass(SecureClassLoader.java:150) ~[?:?]
	at java.net.URLClassLoader.defineClass(URLClassLoader.java:524) ~[?:?]
	at java.net.URLClassLoader$1.run(URLClassLoader.java:427) ~[?:?]
	at java.net.URLClassLoader$1.run(URLClassLoader.java:421) ~[?:?]
	at java.security.AccessController.doPrivileged(AccessController.java:712) ~[?:?]
	at java.net.URLClassLoader.findClass(URLClassLoader.java:420) ~[?:?]
	at java.lang.ClassLoader.loadClass(ClassLoader.java:587) ~[?:?]
	at java.lang.ClassLoader.loadClass(ClassLoader.java:520) ~[?:?]
	at java.lang.Class.forName0(Native Method) ~[?:?]
	at java.lang.Class.forName(Class.java:467) ~[?:?]
	at org.apache.jorphan.reflect.ClassFinder$ExtendsClassFilter.isChildOf(ClassFinder.java:100) ~[jorphan.jar:5.5]
	at org.apache.jorphan.reflect.ClassFinder$ExtendsClassFilter.accept(ClassFinder.java:86) ~[jorphan.jar:5.5]
	at org.apache.jorphan.reflect.ClassFinder.applyFiltering(ClassFinder.java:404) ~[jorphan.jar:5.5]
	at org.apache.jorphan.reflect.ClassFinder.lambda$findClassesInOnePath$2(ClassFinder.java:364) ~[jorphan.jar:5.5]
	at java.util.stream.ForEachOps$ForEachOp$OfRef.accept(ForEachOps.java:183) ~[?:?]
	at java.util.stream.ReferencePipeline$2$1.accept(ReferencePipeline.java:179) ~[?:?]
	at java.util.zip.ZipFile$EntrySpliterator.tryAdvance(ZipFile.java:558) ~[?:?]
	at java.util.Spliterator.forEachRemaining(Spliterator.java:332) ~[?:?]
	at java.util.stream.AbstractPipeline.copyInto(AbstractPipeline.java:509) ~[?:?]
	at java.util.stream.AbstractPipeline.wrapAndCopyInto(AbstractPipeline.java:499) ~[?:?]
	at java.util.stream.ForEachOps$ForEachOp.evaluateSequential(ForEachOps.java:150) ~[?:?]
	at java.util.stream.ForEachOps$ForEachOp$OfRef.evaluateSequential(ForEachOps.java:173) ~[?:?]
	at java.util.stream.AbstractPipeline.evaluate(AbstractPipeline.java:234) ~[?:?]
	at java.util.stream.ReferencePipeline.forEach(ReferencePipeline.java:596) ~[?:?]
	at org.apache.jorphan.reflect.ClassFinder.findClassesInOnePath(ClassFinder.java:362) ~[jorphan.jar:5.5]
	at org.apache.jorphan.reflect.ClassFinder.findClasses(ClassFinder.java:326) ~[jorphan.jar:5.5]
	at org.apache.jorphan.reflect.ClassFinder.findClassesThatExtend(ClassFinder.java:299) ~[jorphan.jar:5.5]
	at org.apache.jorphan.reflect.ClassFinder.findClassesThatExtend(ClassFinder.java:231) ~[jorphan.jar:5.5]
	at org.apache.jmeter.engine.util.CompoundVariable.<clinit>(CompoundVariable.java:72) ~[ApacheJMeter_core.jar:5.5]
	at org.apache.jmeter.engine.util.ValueReplacer.<init>(ValueReplacer.java:43) ~[ApacheJMeter_core.jar:5.5]
	at org.apache.jmeter.engine.PreCompiler.<init>(PreCompiler.java:54) ~[ApacheJMeter_core.jar:5.5]
	at org.apache.jmeter.engine.StandardJMeterEngine.run(StandardJMeterEngine.java:376) ~[ApacheJMeter_core.jar:5.5]
	at java.lang.Thread.run(Thread.java:833) ~[?:?]
2024-12-17 14:59:50,361 INFO o.a.j.t.TestPlan: added /home/dima/Завантаження/Hillel/JMETER_course/mysql-connector-j-9.0.0/mysql-connector-j-9.0.0.jar to classpath
2024-12-17 14:59:50,390 INFO o.a.j.JMeter: Running test (1734440390390)
2024-12-17 14:59:50,420 INFO o.a.j.e.StandardJMeterEngine: Starting ThreadGroup: 1 : Thread Group
2024-12-17 14:59:50,420 INFO o.a.j.e.StandardJMeterEngine: Starting 1 threads for group Thread Group.
2024-12-17 14:59:50,420 INFO o.a.j.e.StandardJMeterEngine: Thread will continue on error
2024-12-17 14:59:50,421 INFO o.a.j.t.ThreadGroup: Starting thread group... number=1 threads=1 ramp-up=0 delayedStart=false
2024-12-17 14:59:50,427 INFO o.a.j.t.ThreadGroup: Started thread group number 1
2024-12-17 14:59:50,428 INFO o.a.j.e.StandardJMeterEngine: Starting ThreadGroup: 2 : Concurrency Thread Group
2024-12-17 14:59:50,428 INFO o.a.j.e.StandardJMeterEngine: Starting 0 threads for group Concurrency Thread Group.
2024-12-17 14:59:50,428 INFO o.a.j.e.StandardJMeterEngine: Thread will continue on error
2024-12-17 14:59:50,431 INFO o.a.j.e.StandardJMeterEngine: All thread groups have been started
2024-12-17 14:59:50,432 INFO c.b.j.t.c.ConcurrencyThreadStarter: Start supplying threads
2024-12-17 14:59:50,432 INFO c.b.j.t.c.ConcurrencyThreadStarter: ThreadStarter will finish, because target concurrency less than 0.
2024-12-17 14:59:50,435 INFO o.a.j.t.JMeterThread: Thread started: Thread Group 1-1
2024-12-17 14:59:50,496 INFO o.a.j.p.h.s.HTTPHCAbstractImpl: Local host = dima-Lenovo-H430
2024-12-17 14:59:50,501 INFO o.a.j.p.h.s.HTTPHC4Impl: HTTP request retry count = 0
2024-12-17 14:59:50,502 INFO o.a.j.s.SampleResult: Note: Sample TimeStamps are END times
2024-12-17 14:59:50,503 INFO o.a.j.s.SampleResult: sampleresult.default.encoding is set to ISO-8859-1
2024-12-17 14:59:50,503 INFO o.a.j.s.SampleResult: sampleresult.useNanoTime=true
2024-12-17 14:59:50,503 INFO o.a.j.s.SampleResult: sampleresult.nanoThreadSleep=5000
2024-12-17 14:59:50,572 INFO o.a.j.t.JMeterThread: Thread is done: Thread Group 1-1
2024-12-17 14:59:50,572 INFO o.a.j.t.JMeterThread: Thread finished: Thread Group 1-1
2024-12-17 14:59:50,573 INFO o.a.j.e.StandardJMeterEngine: Notifying test listeners of end of test
2024-12-17 14:59:50,574 INFO o.a.j.JMeter: Generating Dashboard
2024-12-17 14:59:50,574 INFO o.a.j.r.d.ReportGenerator: Flushing result collector before report Generation
2024-12-17 14:59:50,585 INFO o.a.j.r.p.NormalizerSampleConsumer: Using format, 'ms', to parse timeStamp field
2024-12-17 14:59:50,675 INFO o.a.j.r.p.AbstractSampleConsumer: class org.apache.jmeter.report.processor.AggregateConsumer#stopProducing(): beginDate produced 0 samples
2024-12-17 14:59:50,675 INFO o.a.j.r.p.AbstractSampleConsumer: class org.apache.jmeter.report.processor.AggregateConsumer#stopProducing(): endDate produced 0 samples
2024-12-17 14:59:50,677 INFO o.a.j.r.p.AbstractSampleConsumer: class org.apache.jmeter.report.processor.ApdexSummaryConsumer#stopProducing(): apdexSummary produced 0 samples
2024-12-17 14:59:50,677 INFO o.a.j.r.p.AbstractSampleConsumer: class org.apache.jmeter.report.processor.RequestsSummaryConsumer#stopProducing(): requestsSummary produced 0 samples
2024-12-17 14:59:50,682 INFO o.a.j.r.p.AbstractSampleConsumer: class org.apache.jmeter.report.processor.StatisticsSummaryConsumer#stopProducing(): statisticsSummary produced 0 samples
2024-12-17 14:59:50,686 INFO o.a.j.r.p.AbstractSampleConsumer: class org.apache.jmeter.report.processor.Top5ErrorsBySamplerConsumer#stopProducing(): top5ErrorsBySampler produced 0 samples
2024-12-17 14:59:50,686 INFO o.a.j.r.p.AbstractSampleConsumer: class org.apache.jmeter.report.processor.ErrorsSummaryConsumer#stopProducing(): errorsSummary produced 0 samples
2024-12-17 14:59:50,686 INFO o.a.j.r.p.AbstractSampleConsumer: class org.apache.jmeter.report.processor.graph.impl.HitsPerSecondGraphConsumer#stopProducing(): hitsPerSecond produced 0 samples
2024-12-17 14:59:50,692 INFO o.a.j.r.p.AbstractSampleConsumer: class org.apache.jmeter.report.processor.graph.impl.LatencyVSRequestGraphConsumer#stopProducing(): latencyVsRequest produced 0 samples
2024-12-17 14:59:50,692 INFO o.a.j.r.p.AbstractSampleConsumer: class org.apache.jmeter.report.processor.graph.impl.SyntheticResponseTimeDistributionGraphConsumer#stopProducing(): syntheticResponseTimeDistribution produced 0 samples
2024-12-17 14:59:50,693 INFO o.a.j.r.p.AbstractSampleConsumer: class org.apache.jmeter.report.processor.graph.impl.BytesThroughputGraphConsumer#stopProducing(): bytesThroughputOverTime produced 0 samples
2024-12-17 14:59:50,693 INFO o.a.j.r.p.AbstractSampleConsumer: class org.apache.jmeter.report.processor.graph.impl.CodesPerSecondGraphConsumer#stopProducing(): codesPerSecond produced 0 samples
2024-12-17 14:59:50,698 INFO o.a.j.r.p.AbstractSampleConsumer: class org.apache.jmeter.report.processor.graph.impl.ResponseTimeVSRequestGraphConsumer#stopProducing(): responseTimeVsRequest produced 0 samples
2024-12-17 14:59:50,698 INFO o.a.j.r.p.AbstractSampleConsumer: class org.apache.jmeter.report.processor.FilterConsumer#stopProducing(): startIntervalControlerFilter produced 7 samples
2024-12-17 14:59:50,698 INFO o.a.j.r.p.AbstractSampleConsumer: class org.apache.jmeter.report.processor.graph.impl.TotalTPSGraphConsumer#stopProducing(): totalTPS produced 0 samples
2024-12-17 14:59:50,699 INFO o.a.j.r.p.AbstractSampleConsumer: class org.apache.jmeter.report.processor.graph.impl.ActiveThreadsGraphConsumer#stopProducing(): activeThreadsOverTime produced 0 samples
2024-12-17 14:59:50,699 INFO o.a.j.r.p.AbstractSampleConsumer: class org.apache.jmeter.report.processor.graph.impl.TimeVSThreadGraphConsumer#stopProducing(): timeVsThreads produced 0 samples
2024-12-17 14:59:50,699 INFO o.a.j.r.p.AbstractSampleConsumer: class org.apache.jmeter.report.processor.graph.impl.ResponseTimeDistributionGraphConsumer#stopProducing(): responseTimeDistribution produced 0 samples
2024-12-17 14:59:50,699 INFO o.a.j.r.p.AbstractSampleConsumer: class org.apache.jmeter.report.processor.graph.impl.TransactionsPerSecondGraphConsumer#stopProducing(): transactionsPerSecond produced 0 samples
2024-12-17 14:59:50,700 INFO o.a.j.r.p.AbstractSampleConsumer: class org.apache.jmeter.report.processor.graph.impl.ResponseTimePercentilesGraphConsumer#stopProducing(): responseTimePercentiles produced 0 samples
2024-12-17 14:59:50,701 INFO o.a.j.r.p.AbstractSampleConsumer: class org.apache.jmeter.report.processor.graph.impl.ResponseTimePercentilesOverTimeGraphConsumer#stopProducing(): responseTimePercentilesOverTime produced 0 samples
2024-12-17 14:59:50,701 INFO o.a.j.r.p.AbstractSampleConsumer: class org.apache.jmeter.report.processor.graph.impl.ResponseTimeOverTimeGraphConsumer#stopProducing(): responseTimesOverTime produced 0 samples
2024-12-17 14:59:50,702 INFO o.a.j.r.p.AbstractSampleConsumer: class org.apache.jmeter.report.processor.graph.impl.ConnectTimeOverTimeGraphConsumer#stopProducing(): connectTimeOverTime produced 0 samples
2024-12-17 14:59:50,702 INFO o.a.j.r.p.AbstractSampleConsumer: class org.apache.jmeter.report.processor.graph.impl.LatencyOverTimeGraphConsumer#stopProducing(): latenciesOverTime produced 0 samples
2024-12-17 14:59:50,703 INFO o.a.j.r.p.AbstractSampleConsumer: class org.apache.jmeter.report.processor.FilterConsumer#stopProducing(): nameFilter produced 15 samples
2024-12-17 14:59:50,703 INFO o.a.j.r.p.AbstractSampleConsumer: class org.apache.jmeter.report.processor.FilterConsumer#stopProducing(): dateRangeFilter produced 3 samples
2024-12-17 14:59:50,703 INFO o.a.j.r.p.AbstractSampleConsumer: class org.apache.jmeter.report.processor.NormalizerSampleConsumer#stopProducing(): normalizer produced 1 samples
2024-12-17 14:59:50,703 INFO o.a.j.r.p.CsvFileSampleSource: produce(): 1 samples produced in 94ms on channel 0
2024-12-17 14:59:50,704 INFO o.a.j.r.d.ReportGenerator: Exporting data using exporter:'json' of className:'org.apache.jmeter.report.dashboard.JsonExporter'
2024-12-17 14:59:50,949 INFO o.a.j.r.d.JsonExporter: Found data for consumer statisticsSummary in context
2024-12-17 14:59:50,949 INFO o.a.j.r.d.JsonExporter: Creating statistics for overall
2024-12-17 14:59:50,949 INFO o.a.j.r.d.JsonExporter: Creating statistics for other transactions
2024-12-17 14:59:50,950 INFO o.a.j.r.d.JsonExporter: Checking output folder
2024-12-17 14:59:50,951 INFO o.a.j.r.d.JsonExporter: Writing statistics JSON to /home/dima/Завантаження/Hillel/Report_2/statistics.json
2024-12-17 14:59:51,000 INFO o.a.j.r.d.ReportGenerator: Exporting data using exporter:'html' of className:'org.apache.jmeter.report.dashboard.HtmlTemplateExporter'
2024-12-17 14:59:51,003 INFO o.a.j.r.d.HtmlTemplateExporter: Will generate dashboard in folder: /home/dima/Завантаження/Hillel/Report_2
2024-12-17 14:59:51,203 INFO o.a.j.r.d.HtmlTemplateExporter: Report will be generated in: /home/dima/Завантаження/Hillel/Report_2, creating folder structure
2024-12-17 14:59:51,211 INFO o.a.j.r.d.TemplateVisitor: Copying folder from '/home/dima/Progs/apache-jmeter-5.5/bin/report-template' to '/home/dima/Завантаження/Hillel/Report_2', got message: /home/dima/Завантаження/Hillel/Report_2, found non empty folder with following content [/home/dima/Завантаження/Hillel/Report_2/statistics.json], will be ignored
2024-12-17 14:59:51,809 INFO o.a.j.JMeter: Dashboard generated
